[02:58:50] [Server thread/INFO]: Starting minecraft server version 1.8.8
[02:58:50] [Server thread/INFO]: Loading properties
[02:58:50] [Server thread/INFO]: Default game type: SURVIVAL
[02:58:50] [Server thread/INFO]: This server is running CraftBukkit version git-PaperSpigot-445 (MC: 1.8.8) (Implementing API version 1.8.8-R0.1-SNAPSHOT)
[02:58:50] [Server thread/INFO]: Debug logging is disabled
[02:58:50] [Server thread/INFO]: Spigot Timings: true - Verbose: true - Interval: 5m - Length: 60m
[02:58:50] [Server thread/INFO]: Server Ping Player Sample Count: 12

[02:58:50] [Server thread/INFO]: Using 4 threads for Netty based IO
[02:58:50] [Server thread/INFO]: Data value allowed items: 
[02:58:50] [Server thread/WARN]: java.lang.NoSuchFieldException: modifiers

[02:58:50] [Server thread/WARN]: 	at java.base/java.lang.Class.getDeclaredField(Class.java:2782)

[02:58:50] [Server thread/WARN]: 	at org.github.paperspigot.PaperSpigotConfig.stackableBuckets(PaperSpigotConfig.java:192)

[02:58:50] [Server thread/WARN]: 	at java.base/jdk.internal.reflect.DirectMethodHandleAccessor.invoke(DirectMethodHandleAccessor.java:103)

[02:58:50] [Server thread/WARN]: 	at java.base/java.lang.reflect.Method.invoke(Method.java:580)

[02:58:50] [Server thread/WARN]: 	at org.github.paperspigot.PaperSpigotConfig.readConfig(PaperSpigotConfig.java:84)

[02:58:50] [Server thread/WARN]: 	at org.github.paperspigot.PaperSpigotConfig.init(PaperSpigotConfig.java:62)

[02:58:50] [Server thread/WARN]: 	at net.minecraft.server.v1_8_R3.DedicatedServer.init(DedicatedServer.java:181)

[02:58:50] [Server thread/WARN]: 	at net.minecraft.server.v1_8_R3.MinecraftServer.run(MinecraftServer.java:563)

[02:58:50] [Server thread/WARN]: 	at java.base/java.lang.Thread.run(Thread.java:1583)

[02:58:50] [Server thread/INFO]: Generating keypair
[02:58:51] [Server thread/INFO]: Starting Minecraft server on localhost:25565
[02:58:51] [Server thread/INFO]: Your platform does not provide complete low-level API for accessing direct buffers reliably. Unless explicitly requested, heap buffer will always be preferred to avoid potential system unstability.
[02:58:51] [Server thread/INFO]: Using default channel type
[02:58:51] [Server thread/INFO]: Set PluginClassLoader as parallel capable
[02:58:51] [Server thread/INFO]: [SimpleTpa] Loading SimpleTpa v6.4
[02:58:51] [Server thread/INFO]: [SimpleHomes] Loading SimpleHomes v2.2
[02:58:51] [Server thread/INFO]: [WorldEdit] Loading WorldEdit v6.1;no_git_id
[02:58:51] [Server thread/INFO]: [LoginSecurity] Loading LoginSecurity v3.2.0
[02:58:51] [Server thread/WARN]: **** SERVER IS RUNNING IN OFFLINE/INSECURE MODE!
[02:58:51] [Server thread/WARN]: The server will make no attempt to authenticate usernames. Beware.
[02:58:51] [Server thread/WARN]: Whilst this makes it possible to use BungeeCord, unless access to your server is properly restricted, it also opens up the ability for hackers to connect with any username they choose.
[02:58:51] [Server thread/WARN]: Please see http://www.spigotmc.org/wiki/firewall-guide/ for further information.
[02:58:51] [Server thread/WARN]: To change this, set "online-mode" to "true" in the server.properties file.
[02:58:51] [Server thread/INFO]: **** Beginning UUID conversion, this may take A LONG time ****
[02:58:51] [Server thread/INFO]: Preparing level "world"
[02:58:51] [Server thread/INFO]: -------- World Settings For [world] --------
[02:58:51] [Server thread/INFO]: Mob Spawn Range: 4
[02:58:51] [Server thread/INFO]: Anti X-Ray: true
[02:58:51] [Server thread/INFO]: 	Engine Mode: 1
[02:58:51] [Server thread/INFO]: 	Hidden Blocks: [14, 15, 16, 21, 48, 49, 54, 56, 73, 74, 82, 129, 130]
[02:58:51] [Server thread/INFO]: 	Replace Blocks: [1, 5]
[02:58:51] [Server thread/INFO]: Nerfing mobs spawned from spawners: false
[02:58:51] [Server thread/INFO]: Cactus Growth Modifier: 100%
[02:58:51] [Server thread/INFO]: Cane Growth Modifier: 100%
[02:58:51] [Server thread/INFO]: Melon Growth Modifier: 100%
[02:58:51] [Server thread/INFO]: Mushroom Growth Modifier: 100%
[02:58:51] [Server thread/INFO]: Pumpkin Growth Modifier: 100%
[02:58:51] [Server thread/INFO]: Sapling Growth Modifier: 100%
[02:58:51] [Server thread/INFO]: Wheat Growth Modifier: 100%
[02:58:51] [Server thread/INFO]: NetherWart Growth Modifier: 100%
[02:58:51] [Server thread/INFO]: Entity Activation Range: An 32 / Mo 32 / Mi 16
[02:58:51] [Server thread/INFO]: Entity Tracking Range: Pl 48 / An 48 / Mo 48 / Mi 32 / Other 64
[02:58:51] [Server thread/INFO]: Hopper Transfer: 8 Hopper Check: 8 Hopper Amount: 1
[02:58:51] [Server thread/INFO]: Random Lighting Updates: false
[02:58:51] [Server thread/INFO]: Structure Info Saving: true
[02:58:51] [Server thread/INFO]: Sending up to 10 chunks per packet
[02:58:51] [Server thread/INFO]: Max Entity Collisions: 8
[02:58:51] [Server thread/INFO]: Custom Map Seeds:  Village: 10387312 Feature: 14357617
[02:58:51] [Server thread/INFO]: Max TNT Explosions: 100
[02:58:51] [Server thread/INFO]: Tile Max Tick Time: 50ms Entity max Tick Time: 50ms
[02:58:51] [Server thread/INFO]: Item Despawn Rate: 6000
[02:58:51] [Server thread/INFO]: Item Merge Radius: 2.5
[02:58:51] [Server thread/INFO]: Arrow Despawn Rate: 1200
[02:58:51] [Server thread/INFO]: Allow Zombie Pigmen to spawn from portal blocks: true
[02:58:51] [Server thread/INFO]: View Distance: 4
[02:58:51] [Server thread/INFO]: Zombie Aggressive Towards Villager: true
[02:58:51] [Server thread/INFO]: Chunks to Grow per Tick: 650
[02:58:51] [Server thread/INFO]: Clear tick list: false
[02:58:51] [Server thread/INFO]: Experience Merge Radius: 3.0
[02:58:51] [Server thread/INFO]: -------- World Settings For [world] --------
[02:58:51] [Server thread/INFO]: Squids will spawn between Y: 45.0 and Y: 63.0
[02:58:51] [Server thread/INFO]: Max height for cactus growth 3. Max height for reed growth 3
[02:58:51] [Server thread/INFO]: Living Entity Despawn Ranges:  Soft: 32 Hard: 128
[02:58:51] [Server thread/INFO]: Player blocking damage multiplier set to 0.5
[02:58:51] [Server thread/INFO]: Remove invalid mob spawner tile entities: true
[02:58:51] [Server thread/INFO]: Water over lava flow speed: 5
[02:58:51] [Server thread/INFO]: Fix TNT cannons: false
[02:58:51] [Server thread/INFO]: Allow undead horse types to be leashed: false
[02:58:51] [Server thread/INFO]: Keep spawn chunk loaded: true
[02:58:51] [Server thread/INFO]: World async lighting: false
[02:58:51] [Server thread/INFO]: WorldServer TickNextTick cap set at 10000
[02:58:51] [Server thread/INFO]: WorldServer TickNextTickList cap always processes redstone: false
[02:58:51] [Server thread/INFO]: -------- World Settings For [world_nether] --------
[02:58:51] [Server thread/INFO]: Mob Spawn Range: 4
[02:58:51] [Server thread/INFO]: Anti X-Ray: true
[02:58:51] [Server thread/INFO]: 	Engine Mode: 1
[02:58:51] [Server thread/INFO]: 	Hidden Blocks: [14, 15, 16, 21, 48, 49, 54, 56, 73, 74, 82, 129, 130]
[02:58:51] [Server thread/INFO]: 	Replace Blocks: [1, 5]
[02:58:51] [Server thread/INFO]: Nerfing mobs spawned from spawners: false
[02:58:51] [Server thread/INFO]: Cactus Growth Modifier: 100%
[02:58:51] [Server thread/INFO]: Cane Growth Modifier: 100%
[02:58:51] [Server thread/INFO]: Melon Growth Modifier: 100%
[02:58:51] [Server thread/INFO]: Mushroom Growth Modifier: 100%
[02:58:51] [Server thread/INFO]: Pumpkin Growth Modifier: 100%
[02:58:51] [Server thread/INFO]: Sapling Growth Modifier: 100%
[02:58:51] [Server thread/INFO]: Wheat Growth Modifier: 100%
[02:58:51] [Server thread/INFO]: NetherWart Growth Modifier: 100%
[02:58:51] [Server thread/INFO]: Entity Activation Range: An 32 / Mo 32 / Mi 16
[02:58:51] [Server thread/INFO]: Entity Tracking Range: Pl 48 / An 48 / Mo 48 / Mi 32 / Other 64
[02:58:51] [Server thread/INFO]: Hopper Transfer: 8 Hopper Check: 8 Hopper Amount: 1
[02:58:51] [Server thread/INFO]: Random Lighting Updates: false
[02:58:51] [Server thread/INFO]: Structure Info Saving: true
[02:58:51] [Server thread/INFO]: Sending up to 10 chunks per packet
[02:58:51] [Server thread/INFO]: Max Entity Collisions: 8
[02:58:51] [Server thread/INFO]: Custom Map Seeds:  Village: 10387312 Feature: 14357617
[02:58:51] [Server thread/INFO]: Max TNT Explosions: 100
[02:58:51] [Server thread/INFO]: Tile Max Tick Time: 50ms Entity max Tick Time: 50ms
[02:58:51] [Server thread/INFO]: Item Despawn Rate: 6000
[02:58:51] [Server thread/INFO]: Item Merge Radius: 2.5
[02:58:51] [Server thread/INFO]: Arrow Despawn Rate: 1200
[02:58:51] [Server thread/INFO]: Allow Zombie Pigmen to spawn from portal blocks: true
[02:58:51] [Server thread/INFO]: View Distance: 4
[02:58:51] [Server thread/INFO]: Zombie Aggressive Towards Villager: true
[02:58:51] [Server thread/INFO]: Chunks to Grow per Tick: 650
[02:58:51] [Server thread/INFO]: Clear tick list: false
[02:58:51] [Server thread/INFO]: Experience Merge Radius: 3.0
[02:58:51] [Server thread/INFO]: -------- World Settings For [world_nether] --------
[02:58:51] [Server thread/INFO]: Squids will spawn between Y: 45.0 and Y: 63.0
[02:58:51] [Server thread/INFO]: Max height for cactus growth 3. Max height for reed growth 3
[02:58:51] [Server thread/INFO]: Living Entity Despawn Ranges:  Soft: 32 Hard: 128
[02:58:51] [Server thread/INFO]: Player blocking damage multiplier set to 0.5
[02:58:51] [Server thread/INFO]: Remove invalid mob spawner tile entities: true
[02:58:51] [Server thread/INFO]: Water over lava flow speed: 5
[02:58:51] [Server thread/INFO]: Fix TNT cannons: false
[02:58:51] [Server thread/INFO]: Allow undead horse types to be leashed: false
[02:58:51] [Server thread/INFO]: Keep spawn chunk loaded: true
[02:58:51] [Server thread/INFO]: World async lighting: false
[02:58:51] [Server thread/INFO]: WorldServer TickNextTick cap set at 10000
[02:58:51] [Server thread/INFO]: WorldServer TickNextTickList cap always processes redstone: false
[02:58:51] [Server thread/INFO]: -------- World Settings For [world_the_end] --------
[02:58:51] [Server thread/INFO]: Mob Spawn Range: 4
[02:58:51] [Server thread/INFO]: Anti X-Ray: true
[02:58:51] [Server thread/INFO]: 	Engine Mode: 1
[02:58:51] [Server thread/INFO]: 	Hidden Blocks: [14, 15, 16, 21, 48, 49, 54, 56, 73, 74, 82, 129, 130]
[02:58:51] [Server thread/INFO]: 	Replace Blocks: [1, 5]
[02:58:51] [Server thread/INFO]: Nerfing mobs spawned from spawners: false
[02:58:51] [Server thread/INFO]: Cactus Growth Modifier: 100%
[02:58:51] [Server thread/INFO]: Cane Growth Modifier: 100%
[02:58:51] [Server thread/INFO]: Melon Growth Modifier: 100%
[02:58:51] [Server thread/INFO]: Mushroom Growth Modifier: 100%
[02:58:51] [Server thread/INFO]: Pumpkin Growth Modifier: 100%
[02:58:51] [Server thread/INFO]: Sapling Growth Modifier: 100%
[02:58:51] [Server thread/INFO]: Wheat Growth Modifier: 100%
[02:58:51] [Server thread/INFO]: NetherWart Growth Modifier: 100%
[02:58:51] [Server thread/INFO]: Entity Activation Range: An 32 / Mo 32 / Mi 16
[02:58:51] [Server thread/INFO]: Entity Tracking Range: Pl 48 / An 48 / Mo 48 / Mi 32 / Other 64
[02:58:51] [Server thread/INFO]: Hopper Transfer: 8 Hopper Check: 8 Hopper Amount: 1
[02:58:51] [Server thread/INFO]: Random Lighting Updates: false
[02:58:51] [Server thread/INFO]: Structure Info Saving: true
[02:58:51] [Server thread/INFO]: Sending up to 10 chunks per packet
[02:58:51] [Server thread/INFO]: Max Entity Collisions: 8
[02:58:51] [Server thread/INFO]: Custom Map Seeds:  Village: 10387312 Feature: 14357617
[02:58:51] [Server thread/INFO]: Max TNT Explosions: 100
[02:58:51] [Server thread/INFO]: Tile Max Tick Time: 50ms Entity max Tick Time: 50ms
[02:58:51] [Server thread/INFO]: Item Despawn Rate: 6000
[02:58:51] [Server thread/INFO]: Item Merge Radius: 2.5
[02:58:51] [Server thread/INFO]: Arrow Despawn Rate: 1200
[02:58:51] [Server thread/INFO]: Allow Zombie Pigmen to spawn from portal blocks: true
[02:58:51] [Server thread/INFO]: View Distance: 4
[02:58:51] [Server thread/INFO]: Zombie Aggressive Towards Villager: true
[02:58:51] [Server thread/INFO]: Chunks to Grow per Tick: 650
[02:58:51] [Server thread/INFO]: Clear tick list: false
[02:58:51] [Server thread/INFO]: Experience Merge Radius: 3.0
[02:58:51] [Server thread/INFO]: -------- World Settings For [world_the_end] --------
[02:58:51] [Server thread/INFO]: Squids will spawn between Y: 45.0 and Y: 63.0
[02:58:51] [Server thread/INFO]: Max height for cactus growth 3. Max height for reed growth 3
[02:58:51] [Server thread/INFO]: Living Entity Despawn Ranges:  Soft: 32 Hard: 128
[02:58:51] [Server thread/INFO]: Player blocking damage multiplier set to 0.5
[02:58:51] [Server thread/INFO]: Remove invalid mob spawner tile entities: true
[02:58:51] [Server thread/INFO]: Water over lava flow speed: 5
[02:58:51] [Server thread/INFO]: Fix TNT cannons: false
[02:58:51] [Server thread/INFO]: Allow undead horse types to be leashed: false
[02:58:51] [Server thread/INFO]: Keep spawn chunk loaded: true
[02:58:51] [Server thread/INFO]: World async lighting: false
[02:58:51] [Server thread/INFO]: WorldServer TickNextTick cap set at 10000
[02:58:51] [Server thread/INFO]: WorldServer TickNextTickList cap always processes redstone: false
[02:58:51] [Server thread/INFO]: Preparing start region for level 0 (Seed: -7035090127932745796)
[02:58:52] [Server thread/INFO]: Preparing spawn area: 41%
[02:58:53] [Server thread/INFO]: Preparing start region for level 1 (Seed: -7035090127932745796)
[02:58:54] [Server thread/INFO]: Preparing spawn area: 51%
[02:58:54] [Server thread/INFO]: Preparing start region for level 2 (Seed: -7035090127932745796)
[02:58:54] [Server thread/INFO]: [SimpleTpa] Enabling SimpleTpa v6.4
[02:58:54] [Server thread/INFO]: [0;33;1m[21m[SimpleTpa] If you need support contact me at https://discord.gg/SZUkza9[m

[02:58:54] [Server thread/INFO]: [0;33;1m[21m[SimpleTpa] Simple Tpa has been enabled on version 6.4[m

[02:58:54] [Server thread/INFO]: Enabled metrics. You may opt-out by changing plugins/bStats/config.yml
[02:58:54] [Server thread/INFO]: [SimpleHomes] Enabling SimpleHomes v2.2
[02:58:54] [Server thread/INFO]: [WorldEdit] Enabling WorldEdit v6.1;no_git_id
[02:58:55] [Server thread/INFO]: WEPIF: Using the Bukkit Permissions API.
[02:58:55] [Server thread/INFO]: [WorldEdit] Using com.sk89q.worldedit.bukkit.adapter.impl.Spigot_v1_8_R3 as the Bukkit adapter
[02:58:55] [Server thread/INFO]: [LoginSecurity] Enabling LoginSecurity v3.2.0
[02:58:55] [Server thread/INFO]: [LoginSecurity] Loading base translations from "en_us"
[02:58:55] [Server thread/INFO]: [LoginSecurity] Loading specified translations from "en_us"
[02:58:55] [Server thread/INFO]: [LoginSecurity] Registering commands...
[02:58:55] [Server thread/INFO]: [LoginSecurity] Registering listeners...
[02:58:55] [Server thread/INFO]: Server permissions file permissions.yml is empty, ignoring it
[02:58:55] [Server thread/INFO]: Done (4.297s)! For help, type "help" or "?"
[02:58:55] [Server thread/INFO]: Timings Reset
[02:58:56] [Craft Scheduler Thread - 0/INFO]: [0;31;1m[21m[SimpleTpa] There is a new update available.[m

[02:58:56] [Craft Scheduler Thread - 0/INFO]: [0;31;1m[SimpleTpa] There is a new update available:[m

[02:58:56] [Craft Scheduler Thread - 0/INFO]: [0;31;1m[SimpleTpa] https://www.spigotmc.org/resources/simple-tpa.64270/[m

[02:59:24] [Thread-7/INFO]: UUID of player DonaldJr is 11f8d2b2-62b9-3816-af4e-ef1512cecd40
[02:59:25] [Server thread/INFO]: DonaldJr[/[0:0:0:0:0:0:0:1]:36908] logged in with entity id 380 at ([world]448.15903687905814, 81.0, -250.81028550307286)
[02:59:38] [Thread-8/INFO]: UUID of player 78Jacob_Adams2 is db0506eb-0e3e-3118-86fe-b8e856142ecb
[02:59:38] [Server thread/INFO]: 78Jacob_Adams2[/[0:0:0:0:0:0:0:1]:50136] logged in with entity id 718 at ([world]421.419492419943, 79.0, -242.75976595648365)
[03:00:39] [Async Chat Thread - #0/INFO]: <DonaldJr> &b/delhome Donalds[m

[03:00:44] [Async Chat Thread - #0/INFO]: <DonaldJr> &b[m

[03:00:52] [Server thread/INFO]: 78Jacob_Adams2 issued server command: //delhome Donalds
[03:01:00] [Server thread/INFO]: 78Jacob_Adams2 issued server command: /delhome Donalds
[03:01:16] [Server thread/INFO]: 78Jacob_Adams2 issued server command: /sethome Donalds_Base
[03:13:59] [Server thread/INFO]: Changing to clear weather
[03:14:18] [Server thread/INFO]: DonaldJr issued server command: /gamerule
[03:14:22] [Server thread/INFO]: Opped DonaldJr
[03:14:24] [Server thread/INFO]: DonaldJr issued server command: /gamerule
[03:14:34] [Server thread/INFO]: DonaldJr issued server command: /gamerule clickToSit
[03:14:34] [Server thread/INFO]: [DonaldJr: No game rule called 'clickToSit' is available]
[03:24:51] [Server thread/INFO]: DonaldJr issued server command: /gamemode spectator
[03:24:51] [Server thread/INFO]: [DonaldJr: Set own game mode to Spectator Mode]
[03:25:08] [Server thread/INFO]: DonaldJr issued server command: /gamemode s
[03:25:08] [Server thread/INFO]: [DonaldJr: Set own game mode to Survival Mode]
[03:26:42] [Server thread/INFO]: DonaldJr issued server command: /gamemode spectator
[03:26:42] [Server thread/INFO]: [DonaldJr: Set own game mode to Spectator Mode]
[03:26:47] [Server thread/INFO]: DonaldJr issued server command: /gamemode s
[03:26:47] [Server thread/INFO]: [DonaldJr: Set own game mode to Survival Mode]
[03:33:04] [Async Chat Thread - #1/INFO]: <78Jacob_Adams2> Behind You XD[m

[03:33:24] [Async Chat Thread - #1/INFO]: <DonaldJr> Yeah, I know. Why do you think I said "Yeah, okay."?[m

[03:38:46] [Server thread/INFO]: DonaldJr issued server command: /home Home
[03:39:25] [Server thread/INFO]: 78Jacob_Adams2 was slain by DonaldJr
[03:39:56] [Server thread/INFO]: 78Jacob_Adams2 issued server command: /home Donalds_Base
[03:40:13] [Server thread/INFO]: DonaldJr has just earned the achievement [Time to Mine!]
[03:40:13] [Server thread/INFO]: DonaldJr has just earned the achievement [Getting an Upgrade]
[03:40:19] [Server thread/WARN]: DonaldJr moved wrongly!
[03:40:31] [Server thread/INFO]: 78Jacob_Adams2 was slain by DonaldJr
[03:40:52] [Server thread/INFO]: 78Jacob_Adams2 issued server command: /home Donalds_Base
[03:41:31] [Server thread/INFO]: DonaldJr issued server command: /home Portal
[03:41:57] [Server thread/INFO]: DonaldJr issued server command: /home Home
[03:42:38] [Server thread/INFO]: 78Jacob_Adams2 was slain by DonaldJr
[03:42:53] [Server thread/WARN]: 78Jacob_Adams2 moved wrongly!
[03:44:16] [Server thread/INFO]: 78Jacob_Adams2 issued server command: /home Donalds_Base
[03:45:16] [Async Chat Thread - #2/INFO]: <78Jacob_Adams2> So. Thats How It Is[m

[03:46:03] [Server thread/INFO]: DonaldJr was slain by 78Jacob_Adams2
[03:46:43] [Server thread/WARN]: DonaldJr moved wrongly!
[03:47:45] [Thread-11/INFO]: UUID of player HellaGamerPlayz is 5110c93e-0e41-3d38-9604-d4cb087f4381
[03:47:45] [Server thread/INFO]: HellaGamerPlayz[/[0:0:0:0:0:0:0:1]:44314] logged in with entity id 6337 at ([world]421.5, 81.0, -250.5)
[03:48:36] [Thread-12/INFO]: UUID of player Nighty is a9e7ee8b-86a9-3aa2-a88b-e7182f468ac3
[03:48:36] [Server thread/INFO]: Nighty[/[0:0:0:0:0:0:0:1]:49170] logged in with entity id 6679 at ([world]261.30000001192093, 70.5625, -84.30000001192093)
[03:48:40] [Server thread/INFO]: 78Jacob_Adams2 was slain by DonaldJr
[03:48:58] [Async Chat Thread - #3/INFO]: <HellaGamerPlayz> really do Nighty joined[m

[03:49:08] [Async Chat Thread - #3/INFO]: <HellaGamerPlayz> OH GOD[m

[03:49:19] [Async Chat Thread - #3/INFO]: <HellaGamerPlayz> leave lol[m

[03:49:24] [Async Chat Thread - #3/INFO]: <Nighty> NO BITCH[m

[03:49:33] [Server thread/INFO]: 78Jacob_Adams2 issued server command: /home Donalds_Base
[03:49:44] [Async Chat Thread - #3/INFO]: <Nighty> your making me mad[m

[03:49:52] [Async Chat Thread - #3/INFO]: <HellaGamerPlayz> no Cussing u on a School cumputer[m

[03:49:53] [Async Chat Thread - #3/INFO]: <Nighty> i can join[m

[03:50:00] [Async Chat Thread - #3/INFO]: <HellaGamerPlayz> nno u cant[m

[03:50:00] [Async Chat Thread - #3/INFO]: <Nighty> not you[m

[03:50:19] [Server thread/WARN]: Nighty moved wrongly!
[03:51:05] [Async Chat Thread - #4/INFO]: <HellaGamerPlayz> ugly Stupid Brat[m

[03:53:03] [Async Chat Thread - #5/INFO]: <Nighty> STOP BEING ANNOYING JUST SLEEP[m

[03:53:31] [Async Chat Thread - #5/INFO]: <Nighty> JUST SLEEP[m

[03:53:34] [Async Chat Thread - #5/INFO]: <HellaGamerPlayz> no[m

[03:53:41] [Async Chat Thread - #5/INFO]: <Nighty> YES BRATTY[m

[03:53:49] [Async Chat Thread - #5/INFO]: <Nighty> OR MOBS WILL GET YOU[m

[03:54:55] [Async Chat Thread - #6/INFO]: <Nighty> MOBS WILL GET YOU DANIEL[m

[03:55:24] [Async Chat Thread - #6/INFO]: <Nighty> ITS DAY 50 HOW[m

