[00:09:17] [Netty Worker IO Thread #2/INFO]: [/[0:0:0:0:0:0:0:1%0]:50496|78Jacob_Adams2] -> UpstreamBridge has disconnected
[00:09:17] [Netty Worker IO Thread #2/INFO]: [78Jacob_Adams2] disconnected with: Proxy lost connection to server.
[00:09:17] [Netty Worker IO Thread #2/INFO]: [/[0:0:0:0:0:0:0:1%0]:50496|78Jacob_Adams2] <-> DownstreamBridge <-> [lobby] has disconnected
[00:09:47] [Netty Worker IO Thread #1/INFO] [EaglercraftXBungee]: [/[0:0:0:0:0:0:0:1%0]:42642]: Connected via websocket
[00:09:47] [Netty Worker IO Thread #1/INFO] [EaglercraftXBungee]: [/[0:0:0:0:0:0:0:1%0]:42642]: Origin header is null
[00:09:47] [Netty Worker IO Thread #1/INFO] [EaglercraftXBungee]: [/[0:0:0:0:0:0:0:1%0]:42642]: Logged in as '78Jacob_Adams2'
[00:09:47] [Netty Worker IO Thread #1/INFO]: [/[0:0:0:0:0:0:0:1%0]:42642|78Jacob_Adams2] -> UpstreamBridge has connected
[00:09:47] [Netty Worker IO Thread #1/INFO]: [78Jacob_Adams2|/[0:0:0:0:0:0:0:1%0]:42642] <-> ServerConnector [lobby] has connected
[00:12:18] [Netty Worker IO Thread #3/INFO] [EaglercraftXBungee]: [/[0:0:0:0:0:0:0:1%0]:45432]: Connected via websocket
[00:12:18] [Netty Worker IO Thread #3/INFO] [EaglercraftXBungee]: [/[0:0:0:0:0:0:0:1%0]:45432]: Origin header is https://x.mess.eu.org
[00:12:18] [Netty Worker IO Thread #3/INFO] [EaglercraftXBungee]: [/[0:0:0:0:0:0:0:1%0]:45432]: Logged in as 'Nighty'
[00:12:18] [Netty Worker IO Thread #3/INFO]: [/[0:0:0:0:0:0:0:1%0]:45432|Nighty] -> UpstreamBridge has connected
[00:12:18] [Netty Worker IO Thread #3/INFO]: [Nighty|/[0:0:0:0:0:0:0:1%0]:45432] <-> ServerConnector [lobby] has connected
[00:17:15] [Netty Worker IO Thread #1/INFO]: [/[0:0:0:0:0:0:0:1%0]:42642|78Jacob_Adams2] -> UpstreamBridge has disconnected
[00:17:15] [Netty Worker IO Thread #1/INFO]: [78Jacob_Adams2] disconnected with: Proxy lost connection to server.
[00:17:15] [Netty Worker IO Thread #1/INFO]: [/[0:0:0:0:0:0:0:1%0]:42642|78Jacob_Adams2] <-> DownstreamBridge <-> [lobby] has disconnected
[00:17:21] [Netty Worker IO Thread #0/INFO] [EaglercraftXBungee]: [/[0:0:0:0:0:0:0:1%0]:39394]: Connected via websocket
[00:17:21] [Netty Worker IO Thread #0/INFO] [EaglercraftXBungee]: [/[0:0:0:0:0:0:0:1%0]:39394]: Origin header is null
[00:17:21] [Netty Worker IO Thread #0/INFO] [EaglercraftXBungee]: [/[0:0:0:0:0:0:0:1%0]:39394]: Logged in as '78Jacob_Adams2'
[00:17:21] [Netty Worker IO Thread #0/INFO]: [/[0:0:0:0:0:0:0:1%0]:39394|78Jacob_Adams2] -> UpstreamBridge has connected
[00:17:21] [Netty Worker IO Thread #0/INFO]: [78Jacob_Adams2|/[0:0:0:0:0:0:0:1%0]:39394] <-> ServerConnector [lobby] has connected
[00:28:20] [Netty Worker IO Thread #0/INFO]: [/[0:0:0:0:0:0:0:1%0]:39394|78Jacob_Adams2] -> UpstreamBridge has disconnected
[00:28:20] [Netty Worker IO Thread #0/INFO]: [78Jacob_Adams2] disconnected with: Proxy lost connection to server.
[00:28:20] [Netty Worker IO Thread #0/INFO]: [/[0:0:0:0:0:0:0:1%0]:39394|78Jacob_Adams2] <-> DownstreamBridge <-> [lobby] has disconnected
[00:28:23] [Netty Worker IO Thread #1/INFO] [EaglercraftXBungee]: [/[0:0:0:0:0:0:0:1%0]:40686]: Connected via websocket
[00:28:23] [Netty Worker IO Thread #1/INFO] [EaglercraftXBungee]: [/[0:0:0:0:0:0:0:1%0]:40686]: Origin header is null
[00:28:24] [Netty Worker IO Thread #1/INFO] [EaglercraftXBungee]: [/[0:0:0:0:0:0:0:1%0]:40686]: Logged in as '78Jacob_Adams2'
[00:28:24] [Netty Worker IO Thread #1/INFO]: [/[0:0:0:0:0:0:0:1%0]:40686|78Jacob_Adams2] -> UpstreamBridge has connected
[00:28:24] [Netty Worker IO Thread #1/INFO]: [78Jacob_Adams2|/[0:0:0:0:0:0:0:1%0]:40686] <-> ServerConnector [lobby] has connected
[00:41:48] [Netty Worker IO Thread #3/INFO]: [/[0:0:0:0:0:0:0:1%0]:45432|Nighty] -> UpstreamBridge has disconnected
[00:41:48] [Netty Worker IO Thread #3/INFO]: [Nighty] disconnected with: Proxy lost connection to server.
[00:41:48] [Netty Worker IO Thread #3/INFO]: [/[0:0:0:0:0:0:0:1%0]:45432|Nighty] <-> DownstreamBridge <-> [lobby] has disconnected
[00:43:31] [Netty Worker IO Thread #3/INFO] [EaglercraftXBungee]: [/[0:0:0:0:0:0:0:1%0]:48838]: Connected via websocket
[00:43:31] [Netty Worker IO Thread #3/INFO] [EaglercraftXBungee]: [/[0:0:0:0:0:0:0:1%0]:48838]: Origin header is https://x.mess.eu.org
[00:43:32] [Netty Worker IO Thread #3/INFO] [EaglercraftXBungee]: [/[0:0:0:0:0:0:0:1%0]:48838]: Logged in as 'Nighty'
[00:43:32] [Netty Worker IO Thread #3/INFO]: [/[0:0:0:0:0:0:0:1%0]:48838|Nighty] -> UpstreamBridge has connected
[00:43:32] [Netty Worker IO Thread #3/INFO]: [Nighty|/[0:0:0:0:0:0:0:1%0]:48838] <-> ServerConnector [lobby] has connected
[00:46:58] [Netty Worker IO Thread #1/INFO]: [/[0:0:0:0:0:0:0:1%0]:57242|DonaldJr] -> UpstreamBridge has disconnected
[00:46:58] [Netty Worker IO Thread #1/INFO]: [DonaldJr] disconnected with: Proxy lost connection to server.
[00:46:58] [Netty Worker IO Thread #1/INFO]: [/[0:0:0:0:0:0:0:1%0]:57242|DonaldJr] <-> DownstreamBridge <-> [lobby] has disconnected
[00:49:43] [Netty Worker IO Thread #1/INFO] [EaglercraftXBungee]: [/[0:0:0:0:0:0:0:1%0]:54084]: Connected via websocket
[00:49:43] [Netty Worker IO Thread #1/INFO] [EaglercraftXBungee]: [/[0:0:0:0:0:0:0:1%0]:54084]: Origin header is null
[00:49:43] [Netty Worker IO Thread #1/INFO] [EaglercraftXBungee]: [/[0:0:0:0:0:0:0:1%0]:54084]: Logged in as 'DonaldJr'
[00:49:43] [Netty Worker IO Thread #1/INFO]: [/[0:0:0:0:0:0:0:1%0]:54084|DonaldJr] -> UpstreamBridge has connected
[00:49:44] [Netty Worker IO Thread #1/INFO]: [DonaldJr|/[0:0:0:0:0:0:0:1%0]:54084] <-> ServerConnector [lobby] has connected
[00:54:27] [Netty Worker IO Thread #1/INFO]: [/[0:0:0:0:0:0:0:1%0]:54084|DonaldJr] -> UpstreamBridge has disconnected
[00:54:27] [Netty Worker IO Thread #1/INFO]: [DonaldJr] disconnected with: Proxy lost connection to server.
[00:54:27] [Netty Worker IO Thread #1/INFO]: [/[0:0:0:0:0:0:0:1%0]:54084|DonaldJr] <-> DownstreamBridge <-> [lobby] has disconnected
[00:55:16] [Netty Worker IO Thread #3/INFO] [EaglercraftXBungee]: [/[0:0:0:0:0:0:0:1%0]:56246]: Connected via websocket
[00:55:16] [Netty Worker IO Thread #3/INFO] [EaglercraftXBungee]: [/[0:0:0:0:0:0:0:1%0]:56246]: Origin header is null
[00:55:16] [Netty Worker IO Thread #3/INFO] [EaglercraftXBungee]: [/[0:0:0:0:0:0:0:1%0]:56246]: Logged in as 'DonaldJr'
[00:55:16] [Netty Worker IO Thread #3/INFO]: [/[0:0:0:0:0:0:0:1%0]:56246|DonaldJr] -> UpstreamBridge has connected
[00:55:16] [Netty Worker IO Thread #3/INFO]: [DonaldJr|/[0:0:0:0:0:0:0:1%0]:56246] <-> ServerConnector [lobby] has connected
[00:57:25] [Netty Worker IO Thread #1/INFO]: [/[0:0:0:0:0:0:0:1%0]:40686|78Jacob_Adams2] -> UpstreamBridge has disconnected
[00:57:25] [Netty Worker IO Thread #1/INFO]: [78Jacob_Adams2] disconnected with: Proxy lost connection to server.
[00:57:25] [Netty Worker IO Thread #1/INFO]: [/[0:0:0:0:0:0:0:1%0]:40686|78Jacob_Adams2] <-> DownstreamBridge <-> [lobby] has disconnected
[00:57:27] [Netty Worker IO Thread #1/INFO] [EaglercraftXBungee]: [/[0:0:0:0:0:0:0:1%0]:51064]: Connected via websocket
[00:57:27] [Netty Worker IO Thread #1/INFO] [EaglercraftXBungee]: [/[0:0:0:0:0:0:0:1%0]:51064]: Origin header is null
[00:57:27] [Netty Worker IO Thread #1/INFO] [EaglercraftXBungee]: [/[0:0:0:0:0:0:0:1%0]:51064]: Logged in as '78Jacob_Adams2'
[00:57:27] [Netty Worker IO Thread #1/INFO]: [/[0:0:0:0:0:0:0:1%0]:51064|78Jacob_Adams2] -> UpstreamBridge has connected
[00:57:27] [Netty Worker IO Thread #1/INFO]: [78Jacob_Adams2|/[0:0:0:0:0:0:0:1%0]:51064] <-> ServerConnector [lobby] has connected
[01:02:41] [Netty Worker IO Thread #3/INFO]: [/[0:0:0:0:0:0:0:1%0]:48838|Nighty] -> UpstreamBridge has disconnected
[01:02:41] [Netty Worker IO Thread #3/INFO]: [Nighty] disconnected with: Proxy lost connection to server.
[01:02:41] [Netty Worker IO Thread #3/INFO]: [/[0:0:0:0:0:0:0:1%0]:48838|Nighty] <-> DownstreamBridge <-> [lobby] has disconnected
[01:42:28] [Netty Worker IO Thread #3/INFO] [EaglercraftXBungee]: [/[0:0:0:0:0:0:0:1%0]:60576]: Connected via websocket
[01:42:28] [Netty Worker IO Thread #3/INFO] [EaglercraftXBungee]: [/[0:0:0:0:0:0:0:1%0]:60576]: Origin header is https://x.mess.eu.org
[01:42:28] [Netty Worker IO Thread #3/INFO] [EaglercraftXBungee]: [/[0:0:0:0:0:0:0:1%0]:60576]: Logged in as 'Nighty'
[01:42:28] [Netty Worker IO Thread #3/INFO]: [/[0:0:0:0:0:0:0:1%0]:60576|Nighty] -> UpstreamBridge has connected
[01:42:28] [Netty Worker IO Thread #3/INFO]: [Nighty|/[0:0:0:0:0:0:0:1%0]:60576] <-> ServerConnector [lobby] has connected
